Performing C SOURCE FILE Test CMAKE_HAVE_LIBC_PTHREAD failed with the following output:
Change Dir: /home/k/UR_RTDE_Dynamics/UR_RTDE_Dynamics/build/CMakeFiles/CMakeTmp

Run Build Command(s):/usr/bin/make cmTC_cdff4/fast && /usr/bin/make -f CMakeFiles/cmTC_cdff4.dir/build.make CMakeFiles/cmTC_cdff4.dir/build
make[1]: 进入目录“/home/k/UR_RTDE_Dynamics/UR_RTDE_Dynamics/build/CMakeFiles/CMakeTmp”
Building C object CMakeFiles/cmTC_cdff4.dir/src.c.o
/usr/bin/gcc   -DCMAKE_HAVE_LIBC_PTHREAD   -o CMakeFiles/cmTC_cdff4.dir/src.c.o   -c /home/k/UR_RTDE_Dynamics/UR_RTDE_Dynamics/build/CMakeFiles/CMakeTmp/src.c
Linking C executable cmTC_cdff4
/usr/bin/cmake -E cmake_link_script CMakeFiles/cmTC_cdff4.dir/link.txt --verbose=1
/usr/bin/gcc  -DCMAKE_HAVE_LIBC_PTHREAD    CMakeFiles/cmTC_cdff4.dir/src.c.o  -o cmTC_cdff4 
/usr/bin/ld: CMakeFiles/cmTC_cdff4.dir/src.c.o: in function `main':
src.c:(.text+0x46): undefined reference to `pthread_create'
/usr/bin/ld: src.c:(.text+0x52): undefined reference to `pthread_detach'
/usr/bin/ld: src.c:(.text+0x63): undefined reference to `pthread_join'
collect2: error: ld returned 1 exit status
make[1]: *** [CMakeFiles/cmTC_cdff4.dir/build.make:87：cmTC_cdff4] 错误 1
make[1]: 离开目录“/home/k/UR_RTDE_Dynamics/UR_RTDE_Dynamics/build/CMakeFiles/CMakeTmp”
make: *** [Makefile:121：cmTC_cdff4/fast] 错误 2


Source file was:
#include <pthread.h>

void* test_func(void* data)
{
  return data;
}

int main(void)
{
  pthread_t thread;
  pthread_create(&thread, NULL, test_func, NULL);
  pthread_detach(thread);
  pthread_join(thread, NULL);
  pthread_atfork(NULL, NULL, NULL);
  pthread_exit(NULL);

  return 0;
}

Determining if the function pthread_create exists in the pthreads failed with the following output:
Change Dir: /home/k/UR_RTDE_Dynamics/UR_RTDE_Dynamics/build/CMakeFiles/CMakeTmp

Run Build Command(s):/usr/bin/make cmTC_17d73/fast && /usr/bin/make -f CMakeFiles/cmTC_17d73.dir/build.make CMakeFiles/cmTC_17d73.dir/build
make[1]: 进入目录“/home/k/UR_RTDE_Dynamics/UR_RTDE_Dynamics/build/CMakeFiles/CMakeTmp”
Building C object CMakeFiles/cmTC_17d73.dir/CheckFunctionExists.c.o
/usr/bin/gcc   -DCHECK_FUNCTION_EXISTS=pthread_create   -o CMakeFiles/cmTC_17d73.dir/CheckFunctionExists.c.o   -c /usr/share/cmake-3.16/Modules/CheckFunctionExists.c
Linking C executable cmTC_17d73
/usr/bin/cmake -E cmake_link_script CMakeFiles/cmTC_17d73.dir/link.txt --verbose=1
/usr/bin/gcc  -DCHECK_FUNCTION_EXISTS=pthread_create    CMakeFiles/cmTC_17d73.dir/CheckFunctionExists.c.o  -o cmTC_17d73  -lpthreads 
/usr/bin/ld: 找不到 -lpthreads
collect2: error: ld returned 1 exit status
make[1]: *** [CMakeFiles/cmTC_17d73.dir/build.make:87：cmTC_17d73] 错误 1
make[1]: 离开目录“/home/k/UR_RTDE_Dynamics/UR_RTDE_Dynamics/build/CMakeFiles/CMakeTmp”
make: *** [Makefile:121：cmTC_17d73/fast] 错误 2



